2024-11-24 06:04:16.226 [main] ERROR com.example.demo.util.JsonUtil - read json {"id":: 2, "name" : "bbb", "gender" : 0} failed
com.google.gson.JsonSyntaxException: com.google.gson.stream.MalformedJsonException: Expected value at line 1 column 7 path $.id
See https://github.com/google/gson/blob/main/Troubleshooting.md#malformed-json
	at com.google.gson.Gson.fromJson(Gson.java:1375)
	at com.google.gson.Gson.fromJson(Gson.java:1262)
	at com.google.gson.Gson.fromJson(Gson.java:1171)
	at com.google.gson.Gson.fromJson(Gson.java:1107)
	at com.example.demo.util.JsonUtil.readFromJson(JsonUtil.java:14)
	at com.example.demo.util.JsonUtilTest.testJsonUtil(JsonUtilTest.java:19)
	at java.base/jdk.internal.reflect.DirectMethodHandleAccessor.invoke(DirectMethodHandleAccessor.java:103)
	at java.base/java.lang.reflect.Method.invoke(Method.java:580)
	at org.junit.runners.model.FrameworkMethod$1.runReflectiveCall(FrameworkMethod.java:50)
	at org.junit.internal.runners.model.ReflectiveCallable.run(ReflectiveCallable.java:12)
	at org.junit.runners.model.FrameworkMethod.invokeExplosively(FrameworkMethod.java:47)
	at org.junit.internal.runners.statements.InvokeMethod.evaluate(InvokeMethod.java:17)
	at org.junit.runners.ParentRunner.runLeaf(ParentRunner.java:325)
	at org.junit.runners.BlockJUnit4ClassRunner.runChild(BlockJUnit4ClassRunner.java:78)
	at org.junit.runners.BlockJUnit4ClassRunner.runChild(BlockJUnit4ClassRunner.java:57)
	at org.junit.runners.ParentRunner$3.run(ParentRunner.java:290)
	at org.junit.runners.ParentRunner$1.schedule(ParentRunner.java:71)
	at org.junit.runners.ParentRunner.runChildren(ParentRunner.java:288)
	at org.junit.runners.ParentRunner.access$000(ParentRunner.java:58)
	at org.junit.runners.ParentRunner$2.evaluate(ParentRunner.java:268)
	at org.junit.runners.ParentRunner.run(ParentRunner.java:363)
	at org.junit.runner.JUnitCore.run(JUnitCore.java:137)
	at com.intellij.junit4.JUnit4IdeaTestRunner.startRunnerWithArgs(JUnit4IdeaTestRunner.java:69)
	at com.intellij.rt.junit.IdeaTestRunner$Repeater$1.execute(IdeaTestRunner.java:38)
	at com.intellij.rt.execution.junit.TestsRepeater.repeat(TestsRepeater.java:11)
	at com.intellij.rt.junit.IdeaTestRunner$Repeater.startRunnerWithArgs(IdeaTestRunner.java:35)
	at com.intellij.rt.junit.JUnitStarter.prepareStreamsAndStart(JUnitStarter.java:232)
	at com.intellij.rt.junit.JUnitStarter.main(JUnitStarter.java:55)
Caused by: com.google.gson.stream.MalformedJsonException: Expected value at line 1 column 7 path $.id
See https://github.com/google/gson/blob/main/Troubleshooting.md#malformed-json
	at com.google.gson.stream.JsonReader.syntaxError(JsonReader.java:1754)
	at com.google.gson.stream.JsonReader.doPeek(JsonReader.java:673)
	at com.google.gson.stream.JsonReader.peek(JsonReader.java:507)
	at com.google.gson.internal.bind.TypeAdapters$7.read(TypeAdapters.java:270)
	at com.google.gson.internal.bind.TypeAdapters$7.read(TypeAdapters.java:267)
	at com.google.gson.internal.bind.ReflectiveTypeAdapterFactory$2.readIntoField(ReflectiveTypeAdapterFactory.java:267)
	at com.google.gson.internal.bind.ReflectiveTypeAdapterFactory$FieldReflectionAdapter.readField(ReflectiveTypeAdapterFactory.java:558)
	at com.google.gson.internal.bind.ReflectiveTypeAdapterFactory$Adapter.read(ReflectiveTypeAdapterFactory.java:516)
	at com.google.gson.Gson.fromJson(Gson.java:1361)
	... 27 common frames omitted
2024-11-24 06:52:41.046 [main] INFO  o.s.t.c.support.AnnotationConfigContextLoaderUtils - Could not detect default configuration classes for test class [com.example.demo.DemoApplicationTests]: DemoApplicationTests does not declare any static, non-private, non-final, nested classes annotated with @Configuration.
2024-11-24 06:52:41.095 [main] INFO  o.s.b.t.context.SpringBootTestContextBootstrapper - Found @SpringBootConfiguration com.example.demo.DemoApplication for test class com.example.demo.DemoApplicationTests
2024-11-24 06:52:41.334 [main] INFO  com.example.demo.DemoApplicationTests - Starting DemoApplicationTests using Java 22.0.2 with PID 40771 (started by flwj in /Users/flwj/Downloads/demo01)
2024-11-24 06:52:41.336 [main] INFO  com.example.demo.DemoApplicationTests - No active profile set, falling back to 1 default profile: "default"
2024-11-24 06:52:42.175 [main] INFO  com.example.demo.DemoApplicationTests - Started DemoApplicationTests in 1.013 seconds (process running for 1.734)
